<?xml version="1.0" encoding="UTF-8"?>
<testng-results skipped="0" failed="0" ignored="1" total="2" passed="1">
  <reporter-output>
  </reporter-output>
  <suite name="Default suite" duration-ms="12204" started-at="2021-01-06T23:39:24 IST" finished-at="2021-01-06T23:39:36 IST">
    <groups>
    </groups>
    <test name="Default test" duration-ms="12204" started-at="2021-01-06T23:39:24 IST" finished-at="2021-01-06T23:39:36 IST">
      <class name="Selenium.ActionsClass">
        <test-method status="PASS" signature="testMultipleWindows()[pri:0, instance:Selenium.ActionsClass@5fd85d]" name="testMultipleWindows" duration-ms="12074" started-at="2021-01-06T23:39:24 IST" finished-at="2021-01-06T23:39:36 IST">
          <reporter-output>
          </reporter-output>
        </test-method> <!-- testMultipleWindows -->
      </class> <!-- Selenium.ActionsClass -->
    </test> <!-- Default test -->
  </suite> <!-- Default suite -->
</testng-results>
