<?xml version="1.0" encoding="UTF-8"?>
<!-- Generated by org.testng.reporters.JUnitXMLReporter -->
<testsuite hostname="TECHMASST300004" ignored="1" name="Default test" tests="1" failures="0" timestamp="2021-01-06T23:39:36 IST" time="12.204" errors="0">
  <testcase name="testMultipleWindows" time="12.074" classname="Selenium.ActionsClass"/>
  <testcase name="textInCaps" time="0.0" classname="Selenium.ActionsClass">
    <ignored/>
  </testcase> <!-- textInCaps -->
</testsuite> <!-- Default test -->
